This is pdfTeX, Version 3.14159265-2.6-1.40.20 (TeX Live 2019) (preloaded format=pdflatex 2019.5.8)  3 DEC 2019 20:14
entering extended mode
 restricted \write18 enabled.
 %&-line parsing enabled.
**report.tex
(./report.tex
LaTeX2e <2018-12-01>
(/usr/local/texlive/2019/texmf-dist/tex/latex/base/article.cls
Document Class: article 2018/09/03 v1.4i Standard LaTeX document class
(/usr/local/texlive/2019/texmf-dist/tex/latex/base/size10.clo
File: size10.clo 2018/09/03 v1.4i Standard LaTeX file (size option)
)
\c@part=\count80
\c@section=\count81
\c@subsection=\count82
\c@subsubsection=\count83
\c@paragraph=\count84
\c@subparagraph=\count85
\c@figure=\count86
\c@table=\count87
\abovecaptionskip=\skip41
\belowcaptionskip=\skip42
\bibindent=\dimen102
)
(/usr/local/texlive/2019/texmf-dist/tex/latex/blindtext/blindtext.sty
Package: blindtext 2012/01/06 V2.0 blindtext-Package

(/usr/local/texlive/2019/texmf-dist/tex/latex/tools/xspace.sty
Package: xspace 2014/10/28 v1.13 Space after command names (DPC,MH)
)
\c@blindtext=\count88
\c@Blindtext=\count89
\c@blind@countparstart=\count90
\blind@countxx=\count91
\blindtext@numBlindtext=\count92
\blind@countyy=\count93
\c@blindlist=\count94
\c@blindlistlevel=\count95
\c@blindlist@level=\count96
\blind@listitem=\count97
\c@blind@listcount=\count98
\c@blind@levelcount=\count99
\blind@mathformula=\count100
\blind@Mathformula=\count101
\c@blind@randomcount=\count102
\c@blind@randommax=\count103
\c@blind@pangramcount=\count104
\c@blind@pangrammax=\count105
)
(/usr/local/texlive/2019/texmf-dist/tex/latex/psnfss/mathpazo.sty
Package: mathpazo 2005/04/12 PSNFSS-v9.2a Palatino w/ Pazo Math (D.Puga, WaS) 
\symupright=\mathgroup4
)
(/usr/local/texlive/2019/texmf-dist/tex/latex/base/fontenc.sty
Package: fontenc 2018/08/11 v2.0j Standard LaTeX package

(/usr/local/texlive/2019/texmf-dist/tex/latex/base/t1enc.def
File: t1enc.def 2018/08/11 v2.0j Standard LaTeX file
LaTeX Font Info:    Redeclaring font encoding T1 on input line 48.
))
(/usr/local/texlive/2019/texmf-dist/tex/latex/microtype/microtype.sty
Package: microtype 2019/02/28 v2.7b Micro-typographical refinements (RS)

(/usr/local/texlive/2019/texmf-dist/tex/latex/graphics/keyval.sty
Package: keyval 2014/10/28 v1.15 key=value parser (DPC)
\KV@toks@=\toks14
)
\MT@toks=\toks15
\MT@count=\count106
LaTeX Info: Redefining \textls on input line 790.
\MT@outer@kern=\dimen103
LaTeX Info: Redefining \textmicrotypecontext on input line 1336.
\MT@listname@count=\count107

(/usr/local/texlive/2019/texmf-dist/tex/latex/microtype/microtype-pdftex.def
File: microtype-pdftex.def 2019/02/28 v2.7b Definitions specific to pdftex (RS)

LaTeX Info: Redefining \lsstyle on input line 914.
LaTeX Info: Redefining \lslig on input line 914.
\MT@outer@space=\skip43
)
Package microtype Info: Loading configuration file microtype.cfg.

(/usr/local/texlive/2019/texmf-dist/tex/latex/microtype/microtype.cfg
File: microtype.cfg 2019/02/28 v2.7b microtype main configuration file (RS)
))
(/usr/local/texlive/2019/texmf-dist/tex/generic/babel/babel.sty
Package: babel 2019/05/04 3.31 The Babel package

(/usr/local/texlive/2019/texmf-dist/tex/generic/babel/switch.def
File: switch.def 2019/05/04 3.31 Babel switching mechanism
)
(/usr/local/texlive/2019/texmf-dist/tex/generic/babel-english/english.ldf
Language: english 2017/06/06 v3.3r English support from the babel system

(/usr/local/texlive/2019/texmf-dist/tex/generic/babel/babel.def
File: babel.def 2019/05/04 3.31 Babel common definitions
\babel@savecnt=\count108
\U@D=\dimen104

(/usr/local/texlive/2019/texmf-dist/tex/generic/babel/txtbabel.def)
\bbl@dirlevel=\count109
)
\l@canadian = a dialect from \language\l@american 
\l@australian = a dialect from \language\l@british 
\l@newzealand = a dialect from \language\l@british 
))
(/usr/local/texlive/2019/texmf-dist/tex/latex/geometry/geometry.sty
Package: geometry 2018/04/16 v5.8 Page Geometry

(/usr/local/texlive/2019/texmf-dist/tex/generic/oberdiek/ifpdf.sty
Package: ifpdf 2018/09/07 v3.3 Provides the ifpdf switch
)
(/usr/local/texlive/2019/texmf-dist/tex/generic/oberdiek/ifvtex.sty
Package: ifvtex 2016/05/16 v1.6 Detect VTeX and its facilities (HO)
Package ifvtex Info: VTeX not detected.
)
(/usr/local/texlive/2019/texmf-dist/tex/generic/ifxetex/ifxetex.sty
Package: ifxetex 2010/09/12 v0.6 Provides ifxetex conditional
)
\Gm@cnth=\count110
\Gm@cntv=\count111
\c@Gm@tempcnt=\count112
\Gm@bindingoffset=\dimen105
\Gm@wd@mp=\dimen106
\Gm@odd@mp=\dimen107
\Gm@even@mp=\dimen108
\Gm@layoutwidth=\dimen109
\Gm@layoutheight=\dimen110
\Gm@layouthoffset=\dimen111
\Gm@layoutvoffset=\dimen112
\Gm@dimlist=\toks16
)
(/usr/local/texlive/2019/texmf-dist/tex/latex/caption/caption.sty
Package: caption 2018/10/06 v3.3-154 Customizing captions (AR)

(/usr/local/texlive/2019/texmf-dist/tex/latex/caption/caption3.sty
Package: caption3 2018/09/12 v1.8c caption3 kernel (AR)
Package caption3 Info: TeX engine: e-TeX on input line 64.
\captionmargin=\dimen113
\captionmargin@=\dimen114
\captionwidth=\dimen115
\caption@tempdima=\dimen116
\caption@indent=\dimen117
\caption@parindent=\dimen118
\caption@hangindent=\dimen119
)
\c@caption@flags=\count113
\c@ContinuedFloat=\count114
)
(/usr/local/texlive/2019/texmf-dist/tex/latex/booktabs/booktabs.sty
Package: booktabs 2016/04/27 v1.618033 publication quality tables
\heavyrulewidth=\dimen120
\lightrulewidth=\dimen121
\cmidrulewidth=\dimen122
\belowrulesep=\dimen123
\belowbottomsep=\dimen124
\aboverulesep=\dimen125
\abovetopsep=\dimen126
\cmidrulesep=\dimen127
\cmidrulekern=\dimen128
\defaultaddspace=\dimen129
\@cmidla=\count115
\@cmidlb=\count116
\@aboverulesep=\dimen130
\@belowrulesep=\dimen131
\@thisruleclass=\count117
\@lastruleclass=\count118
\@thisrulewidth=\dimen132
)
(/usr/local/texlive/2019/texmf-dist/tex/latex/lettrine/lettrine.sty
File: lettrine.sty 2019-04-06 v2.22 (Daniel Flipo)

(/usr/local/texlive/2019/texmf-dist/tex/generic/minifp/minifp.sty
Package: minifp 2013/12/30 v0.96. Macros for real number operations and a stack
-based programing language.
\MFP@loopctr=\count119
)
\c@DefaultLines=\count120
\c@DefaultDepth=\count121
\DefaultFindent=\dimen133
\DefaultNindent=\dimen134
\DefaultSlope=\dimen135
\DiscardVskip=\dimen136
\L@lbox=\box27
\L@tbox=\box28
\c@L@lines=\count122
\c@L@depth=\count123
\L@Pindent=\dimen137
\L@Findent=\dimen138
\L@Nindent=\dimen139
\L@lraise=\dimen140
\L@first=\dimen141
\L@next=\dimen142
\L@slope=\dimen143
\L@height=\dimen144
\L@novskip=\dimen145
\L@target@ht=\dimen146
\L@target@dp=\dimen147
\L@target@tht=\dimen148
\LettrineWidth=\dimen149
\LettrineHeight=\dimen150
\LettrineDepth=\dimen151
\Llist@everypar=\toks17

Loading lettrine.cfg
(/usr/local/texlive/2019/texmf-dist/tex/latex/lettrine/lettrine.cfg))
(/usr/local/texlive/2019/texmf-dist/tex/latex/enumitem/enumitem.sty
Package: enumitem 2019/02/04 v3.8 Customized lists
\labelindent=\skip44
\enit@outerparindent=\dimen152
\enit@toks=\toks18
\enit@inbox=\box29
\enit@count@id=\count124
\enitdp@description=\count125
)
(/usr/local/texlive/2019/texmf-dist/tex/latex/abstract/abstract.sty
Package: abstract 2009/06/08 v1.2a configurable abstracts
\abstitleskip=\skip45
\absleftindent=\skip46
\absrightindent=\skip47
\absparindent=\skip48
\absparsep=\skip49
)
(/usr/local/texlive/2019/texmf-dist/tex/latex/titlesec/titlesec.sty
Package: titlesec 2016/03/21 v2.10.2 Sectioning titles
\ttl@box=\box30
\beforetitleunit=\skip50
\aftertitleunit=\skip51
\ttl@plus=\dimen153
\ttl@minus=\dimen154
\ttl@toksa=\toks19
\titlewidth=\dimen155
\titlewidthlast=\dimen156
\titlewidthfirst=\dimen157
)
(/usr/local/texlive/2019/texmf-dist/tex/latex/titlesec/block.tss
File: block.tss 2016/03/15
)
(/usr/local/texlive/2019/texmf-dist/tex/latex/fancyhdr/fancyhdr.sty
Package: fancyhdr 2019/01/31 v3.10 Extensive control of page headers and footer
s
\f@nch@headwidth=\skip52
\f@nch@O@elh=\skip53
\f@nch@O@erh=\skip54
\f@nch@O@olh=\skip55
\f@nch@O@orh=\skip56
\f@nch@O@elf=\skip57
\f@nch@O@erf=\skip58
\f@nch@O@olf=\skip59
\f@nch@O@orf=\skip60
)
(/usr/local/texlive/2019/texmf-dist/tex/latex/titling/titling.sty
Package: titling 2009/09/04 v2.1d maketitle typesetting
\thanksmarkwidth=\skip61
\thanksmargin=\skip62
\droptitle=\skip63
)
(/usr/local/texlive/2019/texmf-dist/tex/latex/hyperref/hyperref.sty
Package: hyperref 2018/11/30 v6.88e Hypertext links for LaTeX

(/usr/local/texlive/2019/texmf-dist/tex/generic/oberdiek/hobsub-hyperref.sty
Package: hobsub-hyperref 2016/05/16 v1.14 Bundle oberdiek, subset hyperref (HO)


(/usr/local/texlive/2019/texmf-dist/tex/generic/oberdiek/hobsub-generic.sty
Package: hobsub-generic 2016/05/16 v1.14 Bundle oberdiek, subset generic (HO)
Package: hobsub 2016/05/16 v1.14 Construct package bundles (HO)
Package: infwarerr 2016/05/16 v1.4 Providing info/warning/error messages (HO)
Package: ltxcmds 2016/05/16 v1.23 LaTeX kernel commands for general use (HO)
Package: ifluatex 2016/05/16 v1.4 Provides the ifluatex switch (HO)
Package ifluatex Info: LuaTeX not detected.
Package hobsub Info: Skipping package `ifvtex' (already loaded).
Package: intcalc 2016/05/16 v1.2 Expandable calculations with integers (HO)
Package hobsub Info: Skipping package `ifpdf' (already loaded).
Package: etexcmds 2016/05/16 v1.6 Avoid name clashes with e-TeX commands (HO)
Package: kvsetkeys 2016/05/16 v1.17 Key value parser (HO)
Package: kvdefinekeys 2016/05/16 v1.4 Define keys (HO)
Package: pdftexcmds 2018/09/10 v0.29 Utility functions of pdfTeX for LuaTeX (HO
)
Package pdftexcmds Info: LuaTeX not detected.
Package pdftexcmds Info: \pdf@primitive is available.
Package pdftexcmds Info: \pdf@ifprimitive is available.
Package pdftexcmds Info: \pdfdraftmode found.
Package: pdfescape 2016/05/16 v1.14 Implements pdfTeX's escape features (HO)
Package: bigintcalc 2016/05/16 v1.4 Expandable calculations on big integers (HO
)
Package: bitset 2016/05/16 v1.2 Handle bit-vector datatype (HO)
Package: uniquecounter 2016/05/16 v1.3 Provide unlimited unique counter (HO)
)
Package hobsub Info: Skipping package `hobsub' (already loaded).
Package: letltxmacro 2016/05/16 v1.5 Let assignment for LaTeX macros (HO)
Package: hopatch 2016/05/16 v1.3 Wrapper for package hooks (HO)
Package: xcolor-patch 2016/05/16 xcolor patch
Package: atveryend 2016/05/16 v1.9 Hooks at the very end of document (HO)
Package atveryend Info: \enddocument detected (standard20110627).
Package: atbegshi 2016/06/09 v1.18 At begin shipout hook (HO)
Package: refcount 2016/05/16 v3.5 Data extraction from label references (HO)
Package: hycolor 2016/05/16 v1.8 Color options for hyperref/bookmark (HO)
)
(/usr/local/texlive/2019/texmf-dist/tex/latex/oberdiek/auxhook.sty
Package: auxhook 2016/05/16 v1.4 Hooks for auxiliary files (HO)
)
(/usr/local/texlive/2019/texmf-dist/tex/latex/oberdiek/kvoptions.sty
Package: kvoptions 2016/05/16 v3.12 Key value format for package options (HO)
)
\@linkdim=\dimen158
\Hy@linkcounter=\count126
\Hy@pagecounter=\count127

(/usr/local/texlive/2019/texmf-dist/tex/latex/hyperref/pd1enc.def
File: pd1enc.def 2018/11/30 v6.88e Hyperref: PDFDocEncoding definition (HO)
Now handling font encoding PD1 ...
... no UTF-8 mapping file for font encoding PD1
)
\Hy@SavedSpaceFactor=\count128

(/usr/local/texlive/2019/texmf-dist/tex/latex/latexconfig/hyperref.cfg
File: hyperref.cfg 2002/06/06 v1.2 hyperref configuration of TeXLive
)
Package hyperref Info: Hyper figures OFF on input line 4519.
Package hyperref Info: Link nesting OFF on input line 4524.
Package hyperref Info: Hyper index ON on input line 4527.
Package hyperref Info: Plain pages OFF on input line 4534.
Package hyperref Info: Backreferencing OFF on input line 4539.
Package hyperref Info: Implicit mode ON; LaTeX internals redefined.
Package hyperref Info: Bookmarks ON on input line 4772.
\c@Hy@tempcnt=\count129

(/usr/local/texlive/2019/texmf-dist/tex/latex/url/url.sty
\Urlmuskip=\muskip10
Package: url 2013/09/16  ver 3.4  Verb mode for urls, etc.
)
LaTeX Info: Redefining \url on input line 5125.
\XeTeXLinkMargin=\dimen159
\Fld@menulength=\count130
\Field@Width=\dimen160
\Fld@charsize=\dimen161
Package hyperref Info: Hyper figures OFF on input line 6380.
Package hyperref Info: Link nesting OFF on input line 6385.
Package hyperref Info: Hyper index ON on input line 6388.
Package hyperref Info: backreferencing OFF on input line 6395.
Package hyperref Info: Link coloring OFF on input line 6400.
Package hyperref Info: Link coloring with OCG OFF on input line 6405.
Package hyperref Info: PDF/A mode OFF on input line 6410.
LaTeX Info: Redefining \ref on input line 6450.
LaTeX Info: Redefining \pageref on input line 6454.
\Hy@abspage=\count131
\c@Item=\count132
\c@Hfootnote=\count133
)
Package hyperref Info: Driver (autodetected): hpdftex.

(/usr/local/texlive/2019/texmf-dist/tex/latex/hyperref/hpdftex.def
File: hpdftex.def 2018/11/30 v6.88e Hyperref driver for pdfTeX
\Fld@listcount=\count134
\c@bookmark@seq@number=\count135

(/usr/local/texlive/2019/texmf-dist/tex/latex/oberdiek/rerunfilecheck.sty
Package: rerunfilecheck 2016/05/16 v1.8 Rerun checks for auxiliary files (HO)
Package uniquecounter Info: New unique counter `rerunfilecheck' on input line 2
82.
)
\Hy@SectionHShift=\skip64
)
(/usr/local/texlive/2019/texmf-dist/tex/latex/wrapfig/wrapfig.sty
\wrapoverhang=\dimen162
\WF@size=\dimen163
\c@WF@wrappedlines=\count136
\WF@box=\box31
\WF@everypar=\toks20
Package: wrapfig 2003/01/31  v 3.6
)
(/usr/local/texlive/2019/texmf-dist/tex/latex/multirow/multirow.sty
Package: multirow 2019/01/01 v2.4 Span multiple rows of a table
\multirow@colwidth=\skip65
\multirow@cntb=\count137
\multirow@dima=\skip66
\bigstrutjot=\dimen164
)
(/usr/local/texlive/2019/texmf-dist/tex/latex/threeparttable/threeparttable.sty
Package: threeparttable 2003/06/13  v 3.0
\@tempboxb=\box32
) (/usr/local/texlive/2019/texmf-dist/tex/latex/graphics/graphicx.sty
Package: graphicx 2017/06/01 v1.1a Enhanced LaTeX Graphics (DPC,SPQR)

(/usr/local/texlive/2019/texmf-dist/tex/latex/graphics/graphics.sty
Package: graphics 2017/06/25 v1.2c Standard LaTeX Graphics (DPC,SPQR)

(/usr/local/texlive/2019/texmf-dist/tex/latex/graphics/trig.sty
Package: trig 2016/01/03 v1.10 sin cos tan (DPC)
)
(/usr/local/texlive/2019/texmf-dist/tex/latex/graphics-cfg/graphics.cfg
File: graphics.cfg 2016/06/04 v1.11 sample graphics configuration
)
Package graphics Info: Driver file: pdftex.def on input line 99.

(/usr/local/texlive/2019/texmf-dist/tex/latex/graphics-def/pdftex.def
File: pdftex.def 2018/01/08 v1.0l Graphics/color driver for pdftex
))
\Gin@req@height=\dimen165
\Gin@req@width=\dimen166
)
(/usr/local/texlive/2019/texmf-dist/tex/latex/tools/array.sty
Package: array 2018/12/30 v2.4k Tabular extension package (FMi)
\col@sep=\dimen167
\ar@mcellbox=\box33
\extrarowheight=\dimen168
\NC@list=\toks21
\extratabsurround=\skip67
\backup@length=\skip68
\ar@cellbox=\box34
)
(/usr/local/texlive/2019/texmf-dist/tex/latex/ms/ragged2e.sty
Package: ragged2e 2009/05/21 v2.1 ragged2e Package (MS)

(/usr/local/texlive/2019/texmf-dist/tex/latex/ms/everysel.sty
Package: everysel 2011/10/28 v1.2 EverySelectfont Package (MS)
)
\CenteringLeftskip=\skip69
\RaggedLeftLeftskip=\skip70
\RaggedRightLeftskip=\skip71
\CenteringRightskip=\skip72
\RaggedLeftRightskip=\skip73
\RaggedRightRightskip=\skip74
\CenteringParfillskip=\skip75
\RaggedLeftParfillskip=\skip76
\RaggedRightParfillskip=\skip77
\JustifyingParfillskip=\skip78
\CenteringParindent=\skip79
\RaggedLeftParindent=\skip80
\RaggedRightParindent=\skip81
\JustifyingParindent=\skip82
) (./report.aux

LaTeX Warning: Label `tab:baseline' multiply defined.

)
\openout1 = `report.aux'.

LaTeX Font Info:    Checking defaults for OML/cmm/m/it on input line 93.
LaTeX Font Info:    ... okay on input line 93.
LaTeX Font Info:    Checking defaults for T1/cmr/m/n on input line 93.
LaTeX Font Info:    ... okay on input line 93.
LaTeX Font Info:    Checking defaults for OT1/cmr/m/n on input line 93.
LaTeX Font Info:    ... okay on input line 93.
LaTeX Font Info:    Checking defaults for OMS/cmsy/m/n on input line 93.
LaTeX Font Info:    ... okay on input line 93.
LaTeX Font Info:    Checking defaults for OMX/cmex/m/n on input line 93.
LaTeX Font Info:    ... okay on input line 93.
LaTeX Font Info:    Checking defaults for U/cmr/m/n on input line 93.
LaTeX Font Info:    ... okay on input line 93.
LaTeX Font Info:    Checking defaults for PD1/pdf/m/n on input line 93.
LaTeX Font Info:    ... okay on input line 93.
LaTeX Font Info:    Try loading font information for T1+pplx on input line 93.
 (/usr/local/texlive/2019/texmf-dist/tex/latex/psnfss/t1pplx.fd
File: t1pplx.fd 2004/09/06 font definitions for T1/pplx.
)
\big@size=\dimen169
LaTeX Info: Redefining \microtypecontext on input line 93.
Package microtype Info: Generating PDF output.
Package microtype Info: Character protrusion enabled (level 2).
Package microtype Info: Using default protrusion set `alltext'.
Package microtype Info: Automatic font expansion enabled (level 2),
(microtype)             stretch: 20, shrink: 20, step: 1, non-selected.
Package microtype Info: Using default expansion set `basictext'.
Package microtype Info: No adjustment of tracking.
Package microtype Info: No adjustment of interword spacing.
Package microtype Info: No adjustment of character kerning.

(/usr/local/texlive/2019/texmf-dist/tex/latex/microtype/mt-ppl.cfg
File: mt-ppl.cfg 2005/11/16 v1.6 microtype config. file: Palatino (RS)
)
*geometry* driver: auto-detecting
*geometry* detected driver: pdftex
*geometry* verbose mode - [ preamble ] result:
* driver: pdftex
* paper: <default>
* layout: <same size as paper>
* layoutoffset:(h,v)=(0.0pt,0.0pt)
* hratio: 1:1
* modes: twoside 
* h-part:(L,W,R)=(92.14519pt, 430.00462pt, 92.14519pt)
* v-part:(T,H,B)=(91.04881pt, 608.5238pt, 95.39737pt)
* \paperwidth=614.295pt
* \paperheight=794.96999pt
* \textwidth=430.00462pt
* \textheight=608.5238pt
* \oddsidemargin=19.8752pt
* \evensidemargin=19.8752pt
* \topmargin=-18.22118pt
* \headheight=12.0pt
* \headsep=25.0pt
* \topskip=10.0pt
* \footskip=30.0pt
* \marginparwidth=48.0pt
* \marginparsep=10.0pt
* \columnsep=20.0pt
* \skip\footins=9.0pt plus 4.0pt minus 2.0pt
* \hoffset=0.0pt
* \voffset=0.0pt
* \mag=1000
* \@twocolumntrue
* \@twosidetrue
* \@mparswitchtrue
* \@reversemarginfalse
* (1in=72.27pt=25.4mm, 1cm=28.453pt)

Package caption Info: Begin \AtBeginDocument code.
Package caption Info: hyperref package is loaded.
Package caption Info: threeparttable package is loaded.
Package caption Info: wrapfig package is loaded.
Package caption Info: End \AtBeginDocument code.
\AtBeginShipoutBox=\box35
Package hyperref Info: Link coloring OFF on input line 93.
(/usr/local/texlive/2019/texmf-dist/tex/latex/hyperref/nameref.sty
Package: nameref 2016/05/21 v2.44 Cross-referencing by name of section

(/usr/local/texlive/2019/texmf-dist/tex/generic/oberdiek/gettitlestring.sty
Package: gettitlestring 2016/05/16 v1.5 Cleanup title references (HO)
)
\c@section@level=\count138
)
LaTeX Info: Redefining \ref on input line 93.
LaTeX Info: Redefining \pageref on input line 93.
LaTeX Info: Redefining \nameref on input line 93.

(./report.out) (./report.out)
\@outlinefile=\write3
\openout3 = `report.out'.


(/usr/local/texlive/2019/texmf-dist/tex/context/base/mkii/supp-pdf.mkii
[Loading MPS to PDF converter (version 2006.09.02).]
\scratchcounter=\count139
\scratchdimen=\dimen170
\scratchbox=\box36
\nofMPsegments=\count140
\nofMParguments=\count141
\everyMPshowfont=\toks22
\MPscratchCnt=\count142
\MPscratchDim=\dimen171
\MPnumerator=\count143
\makeMPintoPDFobject=\count144
\everyMPtoPDFconversion=\toks23
) (/usr/local/texlive/2019/texmf-dist/tex/latex/oberdiek/epstopdf-base.sty
Package: epstopdf-base 2016/05/15 v2.6 Base part for package epstopdf

(/usr/local/texlive/2019/texmf-dist/tex/latex/oberdiek/grfext.sty
Package: grfext 2016/05/16 v1.2 Manage graphics extensions (HO)
)
Package epstopdf-base Info: Redefining graphics rule for `.eps' on input line 4
38.
Package grfext Info: Graphics extension search list:
(grfext)             [.pdf,.png,.jpg,.mps,.jpeg,.jbig2,.jb2,.PDF,.PNG,.JPG,.JPE
G,.JBIG2,.JB2,.eps]
(grfext)             \AppendGraphicsExtensions on input line 456.

(/usr/local/texlive/2019/texmf-dist/tex/latex/latexconfig/epstopdf-sys.cfg
File: epstopdf-sys.cfg 2010/07/13 v1.3 Configuration of (r)epstopdf for TeX Liv
e
))
ABD: EverySelectfont initializing macros
LaTeX Info: Redefining \selectfont on input line 93.
LaTeX Font Info:    Font shape `T1/pplx/bx/n' in size <14.4> not available
(Font)              Font shape `T1/pplx/b/n' tried instead on input line 97.
LaTeX Font Info:    Try loading font information for OT1+pplx on input line 97.


(/usr/local/texlive/2019/texmf-dist/tex/latex/psnfss/ot1pplx.fd
File: ot1pplx.fd 2004/09/06 font definitions for OT1/pplx.
)
LaTeX Font Info:    Try loading font information for OML+zplm on input line 97.


(/usr/local/texlive/2019/texmf-dist/tex/latex/psnfss/omlzplm.fd
File: omlzplm.fd 2002/09/08 Fontinst v1.914 font definitions for OML/zplm.
)
LaTeX Font Info:    Try loading font information for OMS+zplm on input line 97.


(/usr/local/texlive/2019/texmf-dist/tex/latex/psnfss/omszplm.fd
File: omszplm.fd 2002/09/08 Fontinst v1.914 font definitions for OMS/zplm.
)
LaTeX Font Info:    Try loading font information for OMX+zplm on input line 97.


(/usr/local/texlive/2019/texmf-dist/tex/latex/psnfss/omxzplm.fd
File: omxzplm.fd 2002/09/08 Fontinst v1.914 font definitions for OMX/zplm.
)
LaTeX Font Info:    Try loading font information for OT1+zplm on input line 97.


(/usr/local/texlive/2019/texmf-dist/tex/latex/psnfss/ot1zplm.fd
File: ot1zplm.fd 2002/09/08 Fontinst v1.914 font definitions for OT1/zplm.
)
Package microtype Info: Loading generic protrusion settings for font family
(microtype)             `zplm' (encoding: OT1).
(microtype)             For optimal results, create family-specific settings.
(microtype)             See the microtype manual for details.
Package microtype Info: Character `029' is missing
(microtype)             in font `T1/pplx/m/sc/12'.
(microtype)             Ignoring protrusion settings for this character.
LaTeX Font Info:    Font shape `T1/pplx/bx/n' in size <10> not available
(Font)              Font shape `T1/pplx/b/n' tried instead on input line 97.
Package microtype Info: Character `029' is missing
(microtype)             in font `T1/pplx/m/sc/10'.
(microtype)             Ignoring protrusion settings for this character.
Package lettrine.sty Info: Targeted height = 30.07506pt
(lettrine.sty)             (no accent, loversize=0),
(lettrine.sty)             Lettrine height = 30.07518pt (T);
(lettrine.sty)             reported on input line 104.

Underfull \hbox (badness 10000) in paragraph at lines 104--105
[][]\T1/pplx/m/n/10 (+20) e state-of-the-art in nat-u-ral lan-
 []


Underfull \hbox (badness 1337) in paragraph at lines 104--105
\T1/pplx/m/n/10 (+20) im-proved, there is still a need in many
 []

LaTeX Font Info:    Try loading font information for OMS+pplx on input line 108
.
LaTeX Font Info:    No file OMSpplx.fd. on input line 108.

LaTeX Font Warning: Font shape `OMS/pplx/m/n' undefined
(Font)              using `OMS/cmsy/m/n' instead
(Font)              for symbol `textbullet' on input line 108.


Underfull \hbox (badness 1184) in paragraph at lines 108--109
[]\T1/pplx/m/n/10 (+20) Baseline clas-si-fi-ca-tion per-for-mance on
 []

[1{/usr/local/texlive/2019/texmf-var/fonts/map/pdftex/updmap/pdftex.map}


]
LaTeX Font Info:    Font shape `T1/pplx/bx/n' in size <9> not available
(Font)              Font shape `T1/pplx/b/n' tried instead on input line 134.

Overfull \hbox (4.95546pt too wide) in paragraph at lines 138--138
[]|\T1/pplx/m/n/10 (-20) Median
 []


Overfull \hbox (2.28004pt too wide) in paragraph at lines 138--138
\T1/pplx/m/n/10 (-20) Length| 
 []


Underfull \hbox (badness 10000) in paragraph at lines 138--139
[]|\T1/pplx/m/n/10 (+20) Length
 []


Overfull \hbox (27.94057pt too wide) in paragraph at lines 136--149
 [][] 
 []


Overfull \hbox (4.17142pt too wide) in paragraph at lines 158--158
 []|\T1/pplx/m/n/10 (-20) Dataset|
 []


Overfull \hbox (7.98523pt too wide) in paragraph at lines 158--158
 []|\T1/pplx/m/n/10 (-20) Training|
 []


Overfull \hbox (1.40344pt too wide) in paragraph at lines 158--158
 []|\T1/pplx/m/n/10 (-20) Development|
 []


Overfull \hbox (13.73625pt too wide) in paragraph at lines 160--160
 []|\T1/pplx/m/n/10 (-20) Examples|
 []


Underfull \vbox (badness 1648) has occurred while \output is active []


Underfull \hbox (badness 2478) in paragraph at lines 174--174
 []|\T1/pplx/b/n/9 Model|
 []


Underfull \hbox (badness 3758) in paragraph at lines 176--176
 []|\T1/pplx/b/n/9 Raw|
 []

[2]
Underfull \vbox (badness 2221) has occurred while \output is active []

 [3]
Overfull \hbox (2.27193pt too wide) in paragraph at lines 218--218
[]|\T1/pplx/b/n/9 Replacement
 []


Overfull \hbox (3.71634pt too wide) in paragraph at lines 222--222
 []|\T1/pplx/m/n/9 (-20) Augmented|
 []


Overfull \hbox (3.71634pt too wide) in paragraph at lines 225--225
 []|\T1/pplx/m/n/9 (-20) Augmented|
 []


Overfull \hbox (3.71634pt too wide) in paragraph at lines 228--228
 []|\T1/pplx/m/n/9 (-20) Augmented|
 []


Overfull \hbox (12.86984pt too wide) in paragraph at lines 216--231
 [][] 
 []

[4]
Underfull \hbox (badness 1178) in paragraph at lines 245--245
 []||
 []


Overfull \hbox (2.52815pt too wide) in paragraph at lines 245--245
[]|\T1/pplx/m/n/10 (-20) 2000| 
 []


Overfull \hbox (2.52815pt too wide) in paragraph at lines 245--245
[]|\T1/pplx/m/n/10 (-20) 5000| 
 []


Overfull \hbox (4.58313pt too wide) in paragraph at lines 245--246
[]|\T1/pplx/m/n/10 (-20) 12000| 
 []


Overfull \hbox (5.42818pt too wide) in paragraph at lines 247--247
[]|\T1/pplx/b/n/10 0.747| 
 []


Overfull \hbox (5.42818pt too wide) in paragraph at lines 247--247
[]|\T1/pplx/b/n/10 0.622| 
 []


Overfull \hbox (4.97815pt too wide) in paragraph at lines 247--247
[]|\T1/pplx/m/n/10 (-20) 0.422| 
 []


Overfull \hbox (4.97815pt too wide) in paragraph at lines 247--247
[]|\T1/pplx/m/n/10 (-20) 0.382| 
 []


Overfull \hbox (2.13313pt too wide) in paragraph at lines 247--248
[]|\T1/pplx/m/n/10 (-20) 0.322| 
 []


Overfull \hbox (4.97815pt too wide) in paragraph at lines 248--248
[]|\T1/pplx/m/n/10 (-20) 0.770| 
 []


Overfull \hbox (4.97815pt too wide) in paragraph at lines 248--248
[]|\T1/pplx/m/n/10 (-20) 0.723| 
 []


Overfull \hbox (5.42818pt too wide) in paragraph at lines 248--248
[]|\T1/pplx/b/n/10 0.369| 
 []


Overfull \hbox (5.42818pt too wide) in paragraph at lines 248--248
[]|\T1/pplx/b/n/10 0.274| 
 []


Overfull \hbox (2.58316pt too wide) in paragraph at lines 248--249
[]|\T1/pplx/b/n/10 0.242| 
 []


Overfull \hbox (5.42818pt too wide) in paragraph at lines 249--249
[]|\T1/pplx/b/n/10 0.747| 
 []


Overfull \hbox (4.97815pt too wide) in paragraph at lines 249--249
[]|\T1/pplx/m/n/10 (-20) 0.667| 
 []


Overfull \hbox (4.97815pt too wide) in paragraph at lines 249--249
[]|\T1/pplx/m/n/10 (-20) 0.375| 
 []


Overfull \hbox (4.97815pt too wide) in paragraph at lines 249--249
[]|\T1/pplx/m/n/10 (-20) 0.307| 
 []


Overfull \hbox (2.13313pt too wide) in paragraph at lines 249--250
[]|\T1/pplx/m/n/10 (-20) 0.278| 
 []


Overfull \hbox (0.72641pt too wide) in paragraph at lines 241--252
 [][] 
 []


Underfull \vbox (badness 3229) has occurred while \output is active []

<baseline.png, id=132, 433.62pt x 289.08pt>
File: baseline.png Graphic file (type png)
<use baseline.png>
Package pdftex.def Info: baseline.png  used on input line 257.
(pdftex.def)             Requested size: 205.0023pt x 136.67041pt.


LaTeX Warning: Reference `tab:uda' on page 5 undefined on input line 262.


Underfull \vbox (badness 3724) has occurred while \output is active []

 [5 <./baseline.png>]
Underfull \hbox (badness 1675) in paragraph at lines 298--298
 []||
 []


Overfull \hbox (2.52815pt too wide) in paragraph at lines 298--298
[]|\T1/pplx/m/n/10 (-20) 2000| 
 []


Overfull \hbox (4.58313pt too wide) in paragraph at lines 298--298
[]|\T1/pplx/m/n/10 (-20) 12000| 
 []


Overfull \hbox (5.42818pt too wide) in paragraph at lines 298--298
[]|\T1/pplx/b/n/10 0.622| 
 []


Overfull \hbox (4.97815pt too wide) in paragraph at lines 298--298
[]|\T1/pplx/m/n/10 (-20) 0.422| 
 []


Overfull \hbox (2.13313pt too wide) in paragraph at lines 298--298
[]|\T1/pplx/m/n/10 (-20) 0.322| 
 []


Overfull \hbox (4.97815pt too wide) in paragraph at lines 298--298
[]|\T1/pplx/m/n/10 (-20) 0.723| 
 []


Overfull \hbox (5.42818pt too wide) in paragraph at lines 298--298
[]|\T1/pplx/b/n/10 0.369| 
 []


Overfull \hbox (2.58316pt too wide) in paragraph at lines 298--298
[]|\T1/pplx/b/n/10 0.242| 
 []


Overfull \hbox (4.97815pt too wide) in paragraph at lines 298--298
[]|\T1/pplx/m/n/10 (-20) 0.667| 
 []


Overfull \hbox (4.97815pt too wide) in paragraph at lines 298--298
[]|\T1/pplx/m/n/10 (-20) 0.375| 
 []


Overfull \hbox (2.13313pt too wide) in paragraph at lines 298--298
[]|\T1/pplx/m/n/10 (-20) 0.278| 
 []


Overfull \hbox (4.97815pt too wide) in paragraph at lines 298--298
[]|\T1/pplx/m/n/10 (-20) 0.676| 
 []


Overfull \hbox (5.42818pt too wide) in paragraph at lines 298--298
[]|\T1/pplx/b/n/10 0.335| 
 []


Overfull \hbox (2.58316pt too wide) in paragraph at lines 298--298
[]|\T1/pplx/b/n/10 0.205| 
 []


Overfull \hbox (4.97815pt too wide) in paragraph at lines 298--298
[]|\T1/pplx/m/n/10 (-20) 0.723| 
 []


Overfull \hbox (5.42818pt too wide) in paragraph at lines 298--298
[]|\T1/pplx/b/n/10 0.369| 
 []


Overfull \hbox (2.58316pt too wide) in paragraph at lines 298--298
[]|\T1/pplx/b/n/10 0.242| 
 []


Overfull \hbox (4.97815pt too wide) in paragraph at lines 298--298
[]|\T1/pplx/m/n/10 (-20) 0.047| 
 []


Overfull \hbox (4.97815pt too wide) in paragraph at lines 298--298
[]|\T1/pplx/m/n/10 (-20) 0.034| 
 []


Overfull \hbox (2.13313pt too wide) in paragraph at lines 298--298
[]|\T1/pplx/m/n/10 (-20) 0.037| 
 []


Overfull \hbox (3.41016pt too wide) in paragraph at lines 298--298
[]|\T1/pplx/m/n/10 (-20) 6.5%| 
 []


Overfull \hbox (3.41016pt too wide) in paragraph at lines 298--298
[]|\T1/pplx/m/n/10 (-20) 9.2%| 
 []


Overfull \hbox (5.46513pt too wide) in paragraph at lines 298--298
[]|\T1/pplx/m/n/10 (-20) 15.3%| 
 []

<cm_bert.png, id=143, 702.625pt x 290.08376pt>
File: cm_bert.png Graphic file (type png)
<use cm_bert.png>
Package pdftex.def Info: cm_bert.png  used on input line 309.
(pdftex.def)             Requested size: 205.0023pt x 84.63557pt.

Overfull \hbox (2.29475pt too wide) in paragraph at lines 326--326
 []|\T1/pplx/m/n/10 (-20) Training
 []


Underfull \hbox (badness 10000) in paragraph at lines 326--326
[]|\T1/pplx/m/n/10 (+20) Batch
 []


Overfull \hbox (8.60898pt too wide) in paragraph at lines 326--326
[]|\T1/pplx/m/n/10 (-20) Dropout
 []


Overfull \hbox (10.87805pt too wide) in paragraph at lines 326--326
[]|\T1/pplx/m/n/10 (-20) Learning
 []


Underfull \hbox (badness 10000) in paragraph at lines 326--327
[]|\T1/pplx/m/n/10 (+20) Dev.
 []


Underfull \hbox (badness 10000) in paragraph at lines 326--327
\T1/pplx/m/n/10 (+20) Er-ror
 []


Overfull \hbox (2.95189pt too wide) in paragraph at lines 324--335
 [][] 
 []

<tfidf.png, id=145, 433.62pt x 289.08pt>
File: tfidf.png Graphic file (type png)
<use tfidf.png>
Package pdftex.def Info: tfidf.png  used on input line 338.
(pdftex.def)             Requested size: 205.0023pt x 136.67041pt.
[6 <./cm_bert.png> <./tfidf.png>]
Underfull \hbox (badness 1259) in paragraph at lines 365--368
\T1/pplx/m/n/10 (+20) Minh-Thang Lu-ong and Quoc V. Le.
 []


Underfull \hbox (badness 1092) in paragraph at lines 380--383
[]\T1/pplx/m/n/10 (+20) Jacob De-vlin, Ming-Wei Chang, Ken-
 []


Underfull \hbox (badness 1810) in paragraph at lines 385--388
\T1/pplx/m/n/10 (+20) (2012).  Japanese and Ko-rean Voice
 []


Underfull \hbox (badness 3375) in paragraph at lines 397--400
[]\T1/pplx/m/n/10 (+20) Rico Sen-nrich, Barry Had-dow, and
 []

Package atveryend Info: Empty hook `BeforeClearDocument' on input line 410.
[7]
Package atveryend Info: Empty hook `AfterLastShipout' on input line 410.
 (./report.aux)
Package atveryend Info: Executing hook `AtVeryEndDocument' on input line 410.
Package atveryend Info: Executing hook `AtEndAfterFileList' on input line 410.
Package rerunfilecheck Info: File `report.out' has not changed.
(rerunfilecheck)             Checksum: 0B45ED04CC10E239F53B82BEBD5150DC;714.


LaTeX Font Warning: Some font shapes were not available, defaults substituted.


LaTeX Warning: There were undefined references.


LaTeX Warning: There were multiply-defined labels.

Package atveryend Info: Empty hook `AtVeryVeryEnd' on input line 410.
 ) 
Here is how much of TeX's memory you used:
 11106 strings out of 492616
 169744 string characters out of 6129482
 315772 words of memory out of 5000000
 14436 multiletter control sequences out of 15000+600000
 86433 words of font info for 353 fonts, out of 8000000 for 9000
 1141 hyphenation exceptions out of 8191
 36i,17n,45p,1395b,448s stack positions out of 5000i,500n,10000p,200000b,80000s
pdfTeX warning (dest): name{Hfootnote.3} has been referenced but does not exi
st, replaced by a fixed one

{/usr/local/texlive/2019/texmf-dist/fonts/enc/dvips/base/8r.enc}</usr/local/tex
live/2019/texmf-dist/fonts/type1/public/amsfonts/cm/cmr10.pfb></usr/local/texli
ve/2019/texmf-dist/fonts/type1/public/amsfonts/cm/cmsy10.pfb></usr/local/texliv
e/2019/texmf-dist/fonts/type1/public/fpl/fplrc8a.pfb></usr/local/texlive/2019/t
exmf-dist/fonts/type1/urw/palatino/uplb8a.pfb></usr/local/texlive/2019/texmf-di
st/fonts/type1/urw/palatino/uplr8a.pfb></usr/local/texlive/2019/texmf-dist/font
s/type1/urw/palatino/uplri8a.pfb>
Output written on report.pdf (7 pages, 612734 bytes).
PDF statistics:
 217 PDF objects out of 1000 (max. 8388607)
 194 compressed objects within 2 object streams
 47 named destinations out of 1000 (max. 500000)
 66160 words of extra memory for PDF output out of 74296 (max. 10000000)

